<?xml version="1.0" encoding="UTF-8"?>
<!-- Generated by org.testng.reporters.JUnitReportReporter -->
<testsuite hostname="MainUser" failures="0" tests="2" name="Testing.Dependsonmethods" time="23.784" errors="0" timestamp="2024-08-26T16:12:31 IST" skipped="0">
  <testcase classname="Testing.Dependsonmethods" name="navigatetoApp" time="13.713"/>
  <testcase classname="Testing.Dependsonmethods" name="loginToapp" time="10.071"/>
  <system-out>
    <![CDATA[demo1
demo1
demo2
demo2
demo2
demo2
demo4
demo3
demo1
demo5
demo7
demo2
demo6
demo4
demo2]]>
  </system-out>
</testsuite> <!-- Testing.Dependsonmethods -->
