<?xml version="1.0" encoding="UTF-8"?>
<!-- Generated by org.testng.reporters.JUnitReportReporter -->
<testsuite hostname="MainUser" failures="0" tests="3" name="Testing.Dependonmethods2" time="0.015" errors="0" timestamp="2024-08-24T16:29:29 IST" skipped="0">
  <testcase classname="Testing.Dependonmethods2" name="DeleteCustomerTest" time="0.003"/>
  <testcase classname="Testing.Dependonmethods2" name="ModifyCustomerTest" time="0.001"/>
  <testcase classname="Testing.Dependonmethods2" name="CreateCustomerTest" time="0.011"/>
</testsuite> <!-- Testing.Dependonmethods2 -->
