<?xml version="1.0" encoding="UTF-8"?>
<!-- Generated by org.testng.reporters.JUnitReportReporter -->
<testsuite hostname="MainUser" failures="0" tests="1" name="Testing.SampleTest" time="0.015" errors="0" timestamp="2024-08-23T16:18:08 IST" skipped="0">
  <testcase classname="Testing.SampleTest" name="test" time="0.015">
    <system-out>
      <![CDATA[Hello World]]>
    </system-out>
  </testcase> <!-- test -->
  <system-out>
    <![CDATA[Hello World]]>
  </system-out>
</testsuite> <!-- Testing.SampleTest -->
