<?xml version="1.0" encoding="UTF-8"?>
<!-- Generated by org.testng.reporters.JUnitReportReporter -->
<testsuite hostname="MainUser" failures="0" tests="2" name="distributedParallel.Test4" time="0.011" errors="0" timestamp="2024-08-28T16:07:52 IST" skipped="0">
  <testcase classname="distributedParallel.Test4" name="demo2" time="0.007"/>
  <testcase classname="distributedParallel.Test4" name="demo1" time="0.004"/>
</testsuite> <!-- distributedParallel.Test4 -->
