<?xml version="1.0" encoding="UTF-8"?>
<!-- Generated by org.testng.reporters.JUnitReportReporter -->
<testsuite hostname="MainUser" failures="0" tests="2" name="distributedParallel.Test6" time="0.024" errors="0" timestamp="2024-08-28T16:07:52 IST" skipped="0">
  <testcase classname="distributedParallel.Test6" name="demo1" time="0.013"/>
  <testcase classname="distributedParallel.Test6" name="demo2" time="0.011"/>
</testsuite> <!-- distributedParallel.Test6 -->
