<?xml version="1.0" encoding="UTF-8"?>
<!-- Generated by org.testng.reporters.JUnitReportReporter -->
<testsuite hostname="MainUser" failures="0" tests="1" name="annotations.TestClass" time="0.012" errors="0" timestamp="2024-08-26T16:05:35 IST" skipped="0">
  <testcase classname="annotations.TestClass" name="testMethod" time="0.012"/>
</testsuite> <!-- annotations.TestClass -->
