<?xml version="1.0" encoding="UTF-8"?>
<!-- Generated by org.testng.reporters.JUnitReportReporter -->
<testsuite hostname="MainUser" failures="0" tests="2" name="Testing.Enabled" time="0.002" errors="0" timestamp="2024-08-26T16:12:31 IST" skipped="1">
  <testcase classname="Testing.Enabled" name="demo2" time="0.002">
    <system-out>
      <![CDATA[demo2]]>
    </system-out>
  </testcase> <!-- demo2 -->
  <testcase classname="Testing.Enabled" name="demo3">
    <skipped/>
  </testcase> <!-- demo3 -->
  <system-out>
    <![CDATA[demo1
demo1
demo2
demo2
demo2
demo2
demo4
demo3
demo1
demo5
demo7
demo2
demo6
demo4
demo2]]>
  </system-out>
</testsuite> <!-- Testing.Enabled -->
