<?xml version="1.0" encoding="UTF-8"?>
<!-- Generated by org.testng.reporters.JUnitReportReporter -->
<testsuite hostname="MainUser" failures="0" tests="7" name="Testing.Invocationclass" time="0.029" errors="0" timestamp="2024-08-26T16:12:31 IST" skipped="0">
  <testcase classname="Testing.Invocationclass" name="demo1" time="0.009">
    <system-out>
      <![CDATA[demo1]]>
    </system-out>
  </testcase> <!-- demo1 -->
  <testcase classname="Testing.Invocationclass" name="demo1" time="0.005">
    <system-out>
      <![CDATA[demo1]]>
    </system-out>
  </testcase> <!-- demo1 -->
  <testcase classname="Testing.Invocationclass" name="demo4" time="0.006">
    <system-out>
      <![CDATA[demo4]]>
    </system-out>
  </testcase> <!-- demo4 -->
  <testcase classname="Testing.Invocationclass" name="demo2" time="0.001">
    <system-out>
      <![CDATA[demo2]]>
    </system-out>
  </testcase> <!-- demo2 -->
  <testcase classname="Testing.Invocationclass" name="demo2" time="0.003">
    <system-out>
      <![CDATA[demo2]]>
    </system-out>
  </testcase> <!-- demo2 -->
  <testcase classname="Testing.Invocationclass" name="demo2" time="0.002">
    <system-out>
      <![CDATA[demo2]]>
    </system-out>
  </testcase> <!-- demo2 -->
  <testcase classname="Testing.Invocationclass" name="demo2" time="0.003">
    <system-out>
      <![CDATA[demo2]]>
    </system-out>
  </testcase> <!-- demo2 -->
  <system-out>
    <![CDATA[demo1
demo1
demo2
demo2
demo2
demo2
demo4
demo3
demo1
demo5
demo7
demo2
demo6
demo4
demo2]]>
  </system-out>
</testsuite> <!-- Testing.Invocationclass -->
