<?xml version="1.0" encoding="UTF-8"?>
<!-- Generated by org.testng.reporters.JUnitReportReporter -->
<testsuite hostname="MainUser" failures="0" tests="1" name="Assertions.WhyNotIFElse" time="0.013" errors="0" timestamp="2024-08-28T15:26:32 IST" skipped="0">
  <testcase classname="Assertions.WhyNotIFElse" name="demo" time="0.013"/>
</testsuite> <!-- Assertions.WhyNotIFElse -->
