<?xml version="1.0" encoding="UTF-8"?>
<!-- Generated by org.testng.reporters.JUnitReportReporter -->
<testsuite hostname="MainUser" failures="0" tests="3" name="DataProvider.Dataprovidertest" time="0.032" errors="0" timestamp="2024-10-01T15:47:15 IST" skipped="0">
  <testcase classname="DataProvider.Dataprovidertest" name="bookTicketTest" time="0.005"/>
  <testcase classname="DataProvider.Dataprovidertest" name="bookTicketTest" time="0.003"/>
  <testcase classname="DataProvider.Dataprovidertest" name="bookTicketTest" time="0.024"/>
</testsuite> <!-- DataProvider.Dataprovidertest -->
